CardBoardSample/CardboardSample/build/outputs/logs/manifest-merger-debug-report.txt
-- Merging decision tree log ---
manifest
ADDED from src\main\AndroidManifest.xml:2:1-47:12
	package
		ADDED from src\main\AndroidManifest.xml:3:5-66
	android:versionName
		ADDED from src\main\AndroidManifest.xml:5:5-28
		INJECTED from src\main\AndroidManifest.xml
		INJECTED from src\main\AndroidManifest.xml
	android:versionCode
		ADDED from src\main\AndroidManifest.xml:4:5-28
		INJECTED from src\main\AndroidManifest.xml
		INJECTED from src\main\AndroidManifest.xml
	xmlns:android
		ADDED from src\main\AndroidManifest.xml:2:11-69
uses-sdk
ADDED from src\main\AndroidManifest.xml:7:5-9:41
MERGED from [com.android.support:appcompat-v7:19.1.0] AndroidManifest.xml:18:5-42
	android:targetSdkVersion
		ADDED from src\main\AndroidManifest.xml:9:9-38
		INJECTED from src\main\AndroidManifest.xml
		INJECTED from src\main\AndroidManifest.xml
	android:minSdkVersion
		ADDED from src\main\AndroidManifest.xml:8:9-35
		INJECTED from src\main\AndroidManifest.xml
		INJECTED from src\main\AndroidManifest.xml
uses-permission#android.permission.INTERNET
ADDED from src\main\AndroidManifest.xml:11:5-67
	android:name
		ADDED from src\main\AndroidManifest.xml:11:22-64
uses-permission#android.permission.NFC
ADDED from src\main\AndroidManifest.xml:12:5-62
	android:name
		ADDED from src\main\AndroidManifest.xml:12:22-59
uses-permission#android.permission.VIBRATE
ADDED from src\main\AndroidManifest.xml:13:5-66
	android:name
		ADDED from src\main\AndroidManifest.xml:13:22-63
uses-permission#android.permission.READ_EXTERNAL_STORAGE
ADDED from src\main\AndroidManifest.xml:14:5-80
	android:name
		ADDED from src\main\AndroidManifest.xml:14:22-77
uses-permission#android.permission.WRITE_EXTERNAL_STORAGE
ADDED from src\main\AndroidManifest.xml:15:5-81
	android:name
		ADDED from src\main\AndroidManifest.xml:15:22-78
uses-feature#android.hardware.sensor.accelerometer
ADDED from src\main\AndroidManifest.xml:18:5-20:35
	android:required
		ADDED from src\main\AndroidManifest.xml:20:9-32
	android:name
		ADDED from src\main\AndroidManifest.xml:19:9-61
uses-feature#android.hardware.sensor.gyroscope
ADDED from src\main\AndroidManifest.xml:21:5-23:35
	android:required
		ADDED from src\main\AndroidManifest.xml:23:9-32
	android:name
		ADDED from src\main\AndroidManifest.xml:22:9-57
uses-feature#0x00020000
ADDED from src\main\AndroidManifest.xml:24:5-26:35
	android:glEsVersion
		ADDED from src\main\AndroidManifest.xml:25:9-41
	android:required
		ADDED from src\main\AndroidManifest.xml:26:9-32
application
ADDED from src\main\AndroidManifest.xml:29:5-45:19
MERGED from [com.android.support:appcompat-v7:19.1.0] AndroidManifest.xml:19:5-20
	android:label
		ADDED from src\main\AndroidManifest.xml:32:9-41
	android:allowBackup
		ADDED from src\main\AndroidManifest.xml:30:9-35
	android:icon
		ADDED from src\main\AndroidManifest.xml:31:9-45
activity#com.google.vrtoolkit.cardboard.samples.treasurehunt.MainActivity
ADDED from src\main\AndroidManifest.xml:33:9-44:20
	android:screenOrientation
		ADDED from src\main\AndroidManifest.xml:37:13-50
	android:label
		ADDED from src\main\AndroidManifest.xml:36:13-45
	android:configChanges
		ADDED from src\main\AndroidManifest.xml:35:13-74
	android:name
		ADDED from src\main\AndroidManifest.xml:34:13-41
intent-filter#android.intent.action.MAIN+android.intent.category.LAUNCHER+com.google.intent.category.CARDBOARD
ADDED from src\main\AndroidManifest.xml:38:13-43:29
action#android.intent.action.MAIN
ADDED from src\main\AndroidManifest.xml:39:17-69
	android:name
		ADDED from src\main\AndroidManifest.xml:39:25-66
category#android.intent.category.LAUNCHER
ADDED from src\main\AndroidManifest.xml:41:17-77
	android:name
		ADDED from src\main\AndroidManifest.xml:41:27-74
category#com.google.intent.category.CARDBOARD
ADDED from src\main\AndroidManifest.xml:42:17-81
	android:name
		ADDED from src\main\AndroidManifest.xml:42:27-78